Debug: Platform: Linux,4.9.93-boot2docker,x86_64,-jnone,-smalloc,-smalloc,-hcritbit

Debug: Child (85) Started
Info: Child (85) said Child starts
Error: Child (85) died signal=11
Error: Child (85) Last panic at: Mon, 22 Jul 2019 13:29:08 GMT
"Wrong turn at cache/cache_session.c:551:
Clock step detected
thread = (cache-worker)
version = varnish-4.1.10 revision 1d090c5a08f41c36562644bafcce9d3cb85d824f
ident = Linux,4.9.93-boot2docker,x86_64,-jnone,-smalloc,-smalloc,-hcritbit,epoll
now = 3299.369871 (mono), 1563802147.622056 (real)
Backtrace:
  0x55bd958d2b0d: varnishd(+0x47b0d) [0x55bd958d2b0d]
  0x55bd958d2f86: varnishd(+0x47f86) [0x55bd958d2f86]
  0x55bd958dd6e1: varnishd(SES_Delete+0x1e2) [0x55bd958dd6e1]
  0x55bd958d4d25: varnishd(Req_Cleanup+0x468) [0x55bd958d4d25]
  0x55bd958faa0d: varnishd(HTTP1_Session+0x7fd) [0x55bd958faa0d]
  0x55bd958dc7eb: varnishd(SES_Proto_Req+0x14c) [0x55bd958dc7eb]
  0x55bd958f2bac: varnishd(+0x67bac) [0x55bd958f2bac]
  0x55bd958f15c4: varnishd(+0x665c4) [0x55bd958f15c4]
  0x55bd958f2cf4: varnishd(+0x67cf4) [0x55bd958f2cf4]
  0x7fad36040494: libpthread.so.0(+0x7494) [0x7fad36040494]
req = 0x7fad2683e020 {
  MAGIC 0x00000000 (Should:REQ_MAGIC/0x2751aaa1)
  vxid = 0, step = R_STP_RESTART,
  req_body = R_BODY_INIT,
  restarts = 0, esi_level = 0,
  ws = 0x7fad2683e200 {
    MAGIC 0x00000000 (Should:WS_MAGIC/0x35fac554)
    id = \"\",
    {s,f,r,e} = {(nil),(nil),(nil),(nil)},
  },
  http[req] = (nil) {
"
Debug: Child cleanup complete
Debug: Child (2639) Started
Info: Child (2639) said Child starts
