[22-Jul-2019 12:43:50] NOTICE: fpm is running, pid 16
[22-Jul-2019 12:43:51] NOTICE: ready to handle connections
[22-Jul-2019 18:27:09] WARNING: [pool www] server reached pm.max_children setting (5), consider raising it
[22-Jul-2019 18:42:48] WARNING: [pool www] server reached pm.max_children setting (5), consider raising it
[23-Jul-2019 17:56:52] NOTICE: Terminating ...
[23-Jul-2019 17:56:52] NOTICE: exiting, bye-bye!
[23-Jul-2019 18:17:06] NOTICE: fpm is running, pid 36
[23-Jul-2019 18:17:06] NOTICE: ready to handle connections
[23-Jul-2019 18:22:08] NOTICE: Terminating ...
[23-Jul-2019 18:22:08] NOTICE: exiting, bye-bye!
[23-Jul-2019 19:26:59] NOTICE: fpm is running, pid 72
[23-Jul-2019 19:26:59] NOTICE: ready to handle connections
[23-Jul-2019 20:05:53] NOTICE: Terminating ...
[23-Jul-2019 20:05:53] NOTICE: exiting, bye-bye!
[24-Jul-2019 06:17:32] NOTICE: fpm is running, pid 75
[24-Jul-2019 06:17:32] NOTICE: ready to handle connections
[24-Jul-2019 14:08:26] WARNING: [pool www] server reached pm.max_children setting (5), consider raising it
[24-Jul-2019 18:25:29] NOTICE: Terminating ...
[24-Jul-2019 18:25:29] NOTICE: exiting, bye-bye!
[25-Jul-2019 13:45:48] NOTICE: fpm is running, pid 73
[25-Jul-2019 13:45:48] NOTICE: ready to handle connections
