2019-07-22T12:43:27.428562Z 0 [Warning] TIMESTAMP with implicit DEFAULT value is deprecated. Please use --explicit_defaults_for_timestamp server option (see documentation for more details).
2019-07-22T12:43:28.092982Z 0 [Note] /usr/sbin/mysqld (mysqld 5.7.23) starting as process 27 ...
2019-07-22T12:43:36.051791Z 0 [Note] InnoDB: PUNCH HOLE support available
2019-07-22T12:43:36.052821Z 0 [Note] InnoDB: Mutexes and rw_locks use GCC atomic builtins
2019-07-22T12:43:36.053191Z 0 [Note] InnoDB: Uses event mutexes
2019-07-22T12:43:36.054282Z 0 [Note] InnoDB: GCC builtin __atomic_thread_fence() is used for memory barrier
2019-07-22T12:43:36.054649Z 0 [Note] InnoDB: Compressed tables use zlib 1.2.3
2019-07-22T12:43:36.055164Z 0 [Note] InnoDB: Using Linux native AIO
2019-07-22T12:43:36.358023Z 0 [Note] InnoDB: Number of pools: 1
2019-07-22T12:43:37.055482Z 0 [Note] InnoDB: Using CPU crc32 instructions
2019-07-22T12:43:37.169489Z 0 [Note] InnoDB: Initializing buffer pool, total size = 32M, instances = 1, chunk size = 32M
2019-07-22T12:43:37.819591Z 0 [Note] InnoDB: Completed initialization of buffer pool
2019-07-22T12:43:38.295658Z 0 [Note] InnoDB: If the mysqld execution user is authorized, page cleaner thread priority can be changed. See the man page of setpriority().
2019-07-22T12:43:39.516096Z 0 [Note] InnoDB: Highest supported file format is Barracuda.
2019-07-22T12:43:39.959012Z 0 [Note] InnoDB: Log scan progressed past the checkpoint lsn 2588963
2019-07-22T12:43:39.959379Z 0 [Note] InnoDB: Doing recovery: scanned up to log sequence number 2591784
2019-07-22T12:43:40.168221Z 0 [Note] InnoDB: Database was not shutdown normally!
2019-07-22T12:43:40.168834Z 0 [Note] InnoDB: Starting crash recovery.
2019-07-22T12:43:57.369325Z 0 [Note] InnoDB: Starting an apply batch of log records to the database...
InnoDB: Progress in percent: 27 28 29 30 31 32 33 34 35 36 37 38 39 40 41 42 43 44 45 46 47 48 49 50 51 52 53 54 55 56 57 58 59 60 61 62 63 64 65 66 67 68 69 70 71 72 73 74 75 76 77 78 79 80 81 82 83 84 85 86 87 88 89 90 91 92 93 94 95 96 97 98 99 
2019-07-22T12:43:58.946112Z 0 [Note] InnoDB: Apply batch completed
2019-07-22T12:44:01.168005Z 0 [Note] InnoDB: Removed temporary tablespace data file: "ibtmp1"
2019-07-22T12:44:01.168335Z 0 [Note] InnoDB: Creating shared tablespace for temporary tables
2019-07-22T12:44:01.168797Z 0 [Note] InnoDB: Setting file './ibtmp1' size to 12 MB. Physically writing the file full; Please wait ...
2019-07-22T12:44:02.429821Z 0 [Note] InnoDB: File './ibtmp1' size is now 12 MB.
2019-07-22T12:44:02.432431Z 0 [Note] InnoDB: 96 redo rollback segment(s) found. 96 redo rollback segment(s) are active.
2019-07-22T12:44:02.432784Z 0 [Note] InnoDB: 32 non-redo rollback segment(s) are active.
2019-07-22T12:44:02.436755Z 0 [Note] InnoDB: Waiting for purge to start
2019-07-22T12:44:02.722152Z 0 [Note] InnoDB: 5.7.23 started; log sequence number 2591784
2019-07-22T12:44:02.722405Z 0 [Note] InnoDB: page_cleaner: 1000ms intended loop took 24427ms. The settings might not be optimal. (flushed=0 and evicted=0, during the time.)
2019-07-22T12:44:02.938277Z 0 [Note] InnoDB: Loading buffer pool(s) from /var/lib/mysql/ib_buffer_pool
2019-07-22T12:44:03.063363Z 0 [Note] Plugin 'FEDERATED' is disabled.
2019-07-22T12:44:04.143817Z 0 [Note] InnoDB: Buffer pool(s) load completed at 190722 12:44:04
2019-07-22T12:44:04.316377Z 0 [Warning] Failed to set up SSL because of the following SSL library error: SSL context is not usable without certificate and private key
2019-07-22T12:44:04.317760Z 0 [Note] Server hostname (bind-address): '*'; port: 3306
2019-07-22T12:44:04.454506Z 0 [Note] IPv6 is available.
2019-07-22T12:44:04.664506Z 0 [Note]   - '::' resolves to '::';
2019-07-22T12:44:04.671784Z 0 [Note] Server socket created on IP: '::'.
2019-07-22T12:44:05.644575Z 0 [Warning] Insecure configuration for --pid-file: Location '/var/run/mysqld' in the path is accessible to all OS users. Consider choosing a different directory.
2019-07-22T12:44:08.801917Z 0 [ERROR] /usr/sbin/mysqld: Table './mysql/user' is marked as crashed and should be repaired
2019-07-22T12:44:08.803224Z 0 [Warning] Checking table:   './mysql/user'
2019-07-22T12:44:08.803705Z 0 [ERROR] 1 client is using or hasn't closed the table properly
2019-07-22T12:44:09.908222Z 0 [Warning] 'user' entry 'root@localhost' ignored in --skip-name-resolve mode.
2019-07-22T12:44:09.909045Z 0 [Warning] 'user' entry 'mysql.session@localhost' ignored in --skip-name-resolve mode.
2019-07-22T12:44:09.909569Z 0 [Warning] 'user' entry 'mysql.sys@localhost' ignored in --skip-name-resolve mode.
2019-07-22T12:44:10.123141Z 0 [Warning] 'db' entry 'performance_schema mysql.session@localhost' ignored in --skip-name-resolve mode.
2019-07-22T12:44:10.123900Z 0 [Warning] 'db' entry 'sys mysql.sys@localhost' ignored in --skip-name-resolve mode.
2019-07-22T12:44:10.240104Z 0 [Warning] 'proxies_priv' entry '@ root@localhost' ignored in --skip-name-resolve mode.
2019-07-22T12:44:11.703593Z 0 [Warning] 'tables_priv' entry 'user mysql.session@localhost' ignored in --skip-name-resolve mode.
2019-07-22T12:44:11.738749Z 0 [Warning] 'tables_priv' entry 'sys_config mysql.sys@localhost' ignored in --skip-name-resolve mode.
2019-07-22T12:44:15.455989Z 0 [Note] Event Scheduler: Loaded 0 events
2019-07-22T12:44:15.458673Z 0 [Note] /usr/sbin/mysqld: ready for connections.
Version: '5.7.23'  socket: '/var/run/mysqld/mysqld.sock'  port: 3306  MySQL Community Server (GPL)
2019-07-22T12:46:34.880915Z 4 [ERROR] /usr/sbin/mysqld: Table './mysql/proc' is marked as crashed and should be repaired
2019-07-22T12:46:34.882920Z 4 [Warning] Checking table:   './mysql/proc'
2019-07-22T12:46:35.122046Z 6 [Warning] 'user' entry 'root@localhost' ignored in --skip-name-resolve mode.
2019-07-22T12:46:35.122539Z 6 [Warning] 'user' entry 'mysql.session@localhost' ignored in --skip-name-resolve mode.
2019-07-22T12:46:35.124647Z 6 [Warning] 'user' entry 'mysql.sys@localhost' ignored in --skip-name-resolve mode.
2019-07-22T12:46:35.125556Z 6 [Warning] 'db' entry 'performance_schema mysql.session@localhost' ignored in --skip-name-resolve mode.
2019-07-22T12:46:35.126029Z 6 [Warning] 'db' entry 'sys mysql.sys@localhost' ignored in --skip-name-resolve mode.
2019-07-22T12:46:35.126422Z 6 [Warning] 'proxies_priv' entry '@ root@localhost' ignored in --skip-name-resolve mode.
2019-07-22T12:46:35.127468Z 6 [Warning] 'tables_priv' entry 'user mysql.session@localhost' ignored in --skip-name-resolve mode.
2019-07-22T12:46:35.142871Z 6 [Warning] 'tables_priv' entry 'sys_config mysql.sys@localhost' ignored in --skip-name-resolve mode.
2019-07-22T12:49:03.186536Z 0 [Note] InnoDB: page_cleaner: 1000ms intended loop took 4967ms. The settings might not be optimal. (flushed=0 and evicted=0, during the time.)
2019-07-22T13:22:46.158077Z 0 [Note] InnoDB: page_cleaner: 1000ms intended loop took 6354ms. The settings might not be optimal. (flushed=0 and evicted=0, during the time.)
2019-07-22T14:31:06.398921Z 0 [Note] InnoDB: page_cleaner: 1000ms intended loop took 6293ms. The settings might not be optimal. (flushed=0 and evicted=0, during the time.)
2019-07-22T14:58:04.618911Z 0 [Note] InnoDB: page_cleaner: 1000ms intended loop took 133424ms. The settings might not be optimal. (flushed=0 and evicted=0, during the time.)
2019-07-22T15:49:41.541332Z 0 [Note] InnoDB: page_cleaner: 1000ms intended loop took 6460ms. The settings might not be optimal. (flushed=0 and evicted=0, during the time.)
2019-07-22T16:51:51.594737Z 0 [Note] InnoDB: page_cleaner: 1000ms intended loop took 12812ms. The settings might not be optimal. (flushed=0 and evicted=0, during the time.)
2019-07-22T17:24:23.432676Z 0 [Note] InnoDB: page_cleaner: 1000ms intended loop took 4311ms. The settings might not be optimal. (flushed=0 and evicted=0, during the time.)
2019-07-22T17:45:18.236866Z 0 [Note] InnoDB: page_cleaner: 1000ms intended loop took 4278ms. The settings might not be optimal. (flushed=0 and evicted=0, during the time.)
2019-07-22T19:02:33.736753Z 0 [Note] InnoDB: page_cleaner: 1000ms intended loop took 5106ms. The settings might not be optimal. (flushed=0 and evicted=0, during the time.)
2019-07-23T04:18:44.601557Z 0 [Note] InnoDB: page_cleaner: 1000ms intended loop took 33369864ms. The settings might not be optimal. (flushed=0 and evicted=0, during the time.)
2019-07-23T04:59:35.542846Z 0 [Note] InnoDB: page_cleaner: 1000ms intended loop took 1314258ms. The settings might not be optimal. (flushed=0 and evicted=0, during the time.)
2019-07-23T06:34:07.198448Z 0 [Note] InnoDB: page_cleaner: 1000ms intended loop took 1242929ms. The settings might not be optimal. (flushed=0 and evicted=0, during the time.)
2019-07-23T08:10:31.641645Z 0 [Note] InnoDB: page_cleaner: 1000ms intended loop took 5162ms. The settings might not be optimal. (flushed=0 and evicted=0, during the time.)
2019-07-23T10:05:15.206139Z 0 [Note] InnoDB: page_cleaner: 1000ms intended loop took 27735ms. The settings might not be optimal. (flushed=0 and evicted=0, during the time.)
2019-07-23T12:38:00.067934Z 0 [Note] InnoDB: page_cleaner: 1000ms intended loop took 5167063ms. The settings might not be optimal. (flushed=0 and evicted=0, during the time.)
2019-07-23T12:54:29.896692Z 0 [Note] InnoDB: page_cleaner: 1000ms intended loop took 5917ms. The settings might not be optimal. (flushed=0 and evicted=0, during the time.)
2019-07-23T13:16:13.191510Z 0 [Note] InnoDB: page_cleaner: 1000ms intended loop took 1301292ms. The settings might not be optimal. (flushed=0 and evicted=0, during the time.)
2019-07-23T14:52:00.913465Z 0 [Note] InnoDB: page_cleaner: 1000ms intended loop took 1735336ms. The settings might not be optimal. (flushed=0 and evicted=0, during the time.)
2019-07-23T16:32:45.131998Z 0 [Note] InnoDB: page_cleaner: 1000ms intended loop took 6173ms. The settings might not be optimal. (flushed=0 and evicted=0, during the time.)
2019-07-23T17:13:44.501477Z 0 [Note] InnoDB: page_cleaner: 1000ms intended loop took 2458370ms. The settings might not be optimal. (flushed=0 and evicted=0, during the time.)
2019-07-23T17:56:51.625801Z 0 [Note] Giving 0 client threads a chance to die gracefully
2019-07-23T17:56:51.773499Z 0 [Note] Shutting down slave threads
2019-07-23T17:56:51.892703Z 0 [Note] Forcefully disconnecting 0 remaining clients
2019-07-23T17:56:51.893022Z 0 [Note] Event Scheduler: Purging the queue. 0 events
2019-07-23T17:56:51.893413Z 0 [Note] Binlog end
2019-07-23T17:56:52.010976Z 0 [Note] Shutting down plugin 'ngram'
2019-07-23T17:56:52.011410Z 0 [Note] Shutting down plugin 'partition'
2019-07-23T17:56:52.011659Z 0 [Note] Shutting down plugin 'BLACKHOLE'
2019-07-23T17:56:52.011822Z 0 [Note] Shutting down plugin 'ARCHIVE'
2019-07-23T17:56:52.011986Z 0 [Note] Shutting down plugin 'PERFORMANCE_SCHEMA'
2019-07-23T17:56:52.012176Z 0 [Note] Shutting down plugin 'MRG_MYISAM'
2019-07-23T17:56:52.012328Z 0 [Note] Shutting down plugin 'MyISAM'
2019-07-23T17:56:52.012490Z 0 [Note] Shutting down plugin 'INNODB_SYS_VIRTUAL'
2019-07-23T17:56:52.012642Z 0 [Note] Shutting down plugin 'INNODB_SYS_DATAFILES'
2019-07-23T17:56:52.012790Z 0 [Note] Shutting down plugin 'INNODB_SYS_TABLESPACES'
2019-07-23T17:56:52.012968Z 0 [Note] Shutting down plugin 'INNODB_SYS_FOREIGN_COLS'
2019-07-23T17:56:52.013114Z 0 [Note] Shutting down plugin 'INNODB_SYS_FOREIGN'
2019-07-23T17:56:52.013258Z 0 [Note] Shutting down plugin 'INNODB_SYS_FIELDS'
2019-07-23T17:56:52.013402Z 0 [Note] Shutting down plugin 'INNODB_SYS_COLUMNS'
2019-07-23T17:56:52.013545Z 0 [Note] Shutting down plugin 'INNODB_SYS_INDEXES'
2019-07-23T17:56:52.013695Z 0 [Note] Shutting down plugin 'INNODB_SYS_TABLESTATS'
2019-07-23T17:56:52.014389Z 0 [Note] Shutting down plugin 'INNODB_SYS_TABLES'
2019-07-23T17:56:52.014640Z 0 [Note] Shutting down plugin 'INNODB_FT_INDEX_TABLE'
2019-07-23T17:56:52.016894Z 0 [Note] Shutting down plugin 'INNODB_FT_INDEX_CACHE'
2019-07-23T17:56:52.017579Z 0 [Note] Shutting down plugin 'INNODB_FT_CONFIG'
2019-07-23T17:56:52.017995Z 0 [Note] Shutting down plugin 'INNODB_FT_BEING_DELETED'
2019-07-23T17:56:52.018212Z 0 [Note] Shutting down plugin 'INNODB_FT_DELETED'
2019-07-23T17:56:52.018387Z 0 [Note] Shutting down plugin 'INNODB_FT_DEFAULT_STOPWORD'
2019-07-23T17:56:52.018541Z 0 [Note] Shutting down plugin 'INNODB_METRICS'
2019-07-23T17:56:52.018769Z 0 [Note] Shutting down plugin 'INNODB_TEMP_TABLE_INFO'
2019-07-23T17:56:52.018955Z 0 [Note] Shutting down plugin 'INNODB_BUFFER_POOL_STATS'
2019-07-23T17:56:52.019127Z 0 [Note] Shutting down plugin 'INNODB_BUFFER_PAGE_LRU'
2019-07-23T17:56:52.019304Z 0 [Note] Shutting down plugin 'INNODB_BUFFER_PAGE'
2019-07-23T17:56:52.030219Z 0 [Note] Shutting down plugin 'INNODB_CMP_PER_INDEX_RESET'
2019-07-23T17:56:52.031312Z 0 [Note] Shutting down plugin 'INNODB_CMP_PER_INDEX'
2019-07-23T17:56:52.032424Z 0 [Note] Shutting down plugin 'INNODB_CMPMEM_RESET'
2019-07-23T17:56:52.033034Z 0 [Note] Shutting down plugin 'INNODB_CMPMEM'
2019-07-23T17:56:52.033364Z 0 [Note] Shutting down plugin 'INNODB_CMP_RESET'
2019-07-23T17:56:52.033690Z 0 [Note] Shutting down plugin 'INNODB_CMP'
2019-07-23T17:56:52.033955Z 0 [Note] Shutting down plugin 'INNODB_LOCK_WAITS'
2019-07-23T17:56:52.034160Z 0 [Note] Shutting down plugin 'INNODB_LOCKS'
2019-07-23T17:56:52.034347Z 0 [Note] Shutting down plugin 'INNODB_TRX'
2019-07-23T17:56:52.034517Z 0 [Note] Shutting down plugin 'InnoDB'
2019-07-23T17:56:52.034910Z 0 [Note] InnoDB: FTS optimize thread exiting.
2019-07-23T17:56:52.035690Z 0 [Note] InnoDB: Starting shutdown...
2019-07-23T17:56:52.139576Z 0 [Note] InnoDB: Dumping buffer pool(s) to /var/lib/mysql/ib_buffer_pool
2019-07-23T17:56:52.140925Z 0 [Note] InnoDB: Buffer pool(s) dump completed at 190723 17:56:52
2019-07-23T17:56:54.407264Z 0 [Note] InnoDB: Shutdown completed; log sequence number 10830574
2019-07-23T17:56:54.408333Z 0 [Note] InnoDB: Removed temporary tablespace data file: "ibtmp1"
2019-07-23T17:56:54.408703Z 0 [Note] Shutting down plugin 'MEMORY'
2019-07-23T17:56:54.408880Z 0 [Note] Shutting down plugin 'CSV'
2019-07-23T17:56:54.409022Z 0 [Note] Shutting down plugin 'sha256_password'
2019-07-23T17:56:54.409159Z 0 [Note] Shutting down plugin 'mysql_native_password'
2019-07-23T17:56:54.409580Z 0 [Note] Shutting down plugin 'binlog'
2019-07-23T17:56:54.411000Z 0 [Note] /usr/sbin/mysqld: Shutdown complete

2019-07-23T18:17:06.542202Z 0 [Warning] TIMESTAMP with implicit DEFAULT value is deprecated. Please use --explicit_defaults_for_timestamp server option (see documentation for more details).
2019-07-23T18:17:10.726133Z 0 [Note] /usr/sbin/mysqld (mysqld 5.7.23) starting as process 54 ...
2019-07-23T18:17:54.272474Z 0 [Note] InnoDB: PUNCH HOLE support available
2019-07-23T18:17:54.360450Z 0 [Note] InnoDB: Mutexes and rw_locks use GCC atomic builtins
2019-07-23T18:17:54.360861Z 0 [Note] InnoDB: Uses event mutexes
2019-07-23T18:17:54.361053Z 0 [Note] InnoDB: GCC builtin __atomic_thread_fence() is used for memory barrier
2019-07-23T18:17:54.361233Z 0 [Note] InnoDB: Compressed tables use zlib 1.2.3
2019-07-23T18:17:54.361406Z 0 [Note] InnoDB: Using Linux native AIO
2019-07-23T18:17:57.450940Z 0 [Note] InnoDB: Number of pools: 1
2019-07-23T18:17:59.102764Z 0 [Note] InnoDB: Using CPU crc32 instructions
2019-07-23T18:17:59.274329Z 0 [Note] InnoDB: Initializing buffer pool, total size = 32M, instances = 1, chunk size = 32M
2019-07-23T18:17:59.816274Z 0 [Note] InnoDB: Completed initialization of buffer pool
2019-07-23T18:17:59.834733Z 0 [Note] InnoDB: If the mysqld execution user is authorized, page cleaner thread priority can be changed. See the man page of setpriority().
2019-07-23T18:18:02.174509Z 0 [Note] InnoDB: Highest supported file format is Barracuda.
2019-07-23T18:18:15.777415Z 0 [Note] InnoDB: Creating shared tablespace for temporary tables
2019-07-23T18:18:15.778053Z 0 [Note] InnoDB: Setting file './ibtmp1' size to 12 MB. Physically writing the file full; Please wait ...
2019-07-23T18:18:18.420507Z 0 [Note] InnoDB: File './ibtmp1' size is now 12 MB.
2019-07-23T18:18:18.428253Z 0 [Note] InnoDB: 96 redo rollback segment(s) found. 96 redo rollback segment(s) are active.
2019-07-23T18:18:18.428654Z 0 [Note] InnoDB: 32 non-redo rollback segment(s) are active.
2019-07-23T18:18:18.440380Z 0 [Note] InnoDB: page_cleaner: 1000ms intended loop took 18606ms. The settings might not be optimal. (flushed=0 and evicted=0, during the time.)
2019-07-23T18:18:18.453893Z 0 [Note] InnoDB: 5.7.23 started; log sequence number 10830574
2019-07-23T18:18:18.464377Z 0 [Note] InnoDB: Loading buffer pool(s) from /var/lib/mysql/ib_buffer_pool
2019-07-23T18:18:18.883562Z 0 [Note] Plugin 'FEDERATED' is disabled.
2019-07-23T18:18:26.510311Z 0 [Warning] Failed to set up SSL because of the following SSL library error: SSL context is not usable without certificate and private key
2019-07-23T18:18:26.510725Z 0 [Note] Server hostname (bind-address): '*'; port: 3306
2019-07-23T18:18:27.161192Z 0 [Note] IPv6 is available.
2019-07-23T18:18:27.327997Z 0 [Note]   - '::' resolves to '::';
2019-07-23T18:18:27.328335Z 0 [Note] Server socket created on IP: '::'.
2019-07-23T18:18:28.233525Z 0 [Warning] Insecure configuration for --pid-file: Location '/var/run/mysqld' in the path is accessible to all OS users. Consider choosing a different directory.
2019-07-23T18:18:37.804335Z 0 [Warning] 'user' entry 'root@localhost' ignored in --skip-name-resolve mode.
2019-07-23T18:18:37.804941Z 0 [Warning] 'user' entry 'mysql.session@localhost' ignored in --skip-name-resolve mode.
2019-07-23T18:18:37.805306Z 0 [Warning] 'user' entry 'mysql.sys@localhost' ignored in --skip-name-resolve mode.
2019-07-23T18:18:38.203543Z 0 [Warning] 'db' entry 'performance_schema mysql.session@localhost' ignored in --skip-name-resolve mode.
2019-07-23T18:18:38.203845Z 0 [Warning] 'db' entry 'sys mysql.sys@localhost' ignored in --skip-name-resolve mode.
2019-07-23T18:18:39.125028Z 0 [Warning] 'proxies_priv' entry '@ root@localhost' ignored in --skip-name-resolve mode.
2019-07-23T18:18:55.404168Z 0 [Warning] 'tables_priv' entry 'user mysql.session@localhost' ignored in --skip-name-resolve mode.
2019-07-23T18:18:55.404552Z 0 [Warning] 'tables_priv' entry 'sys_config mysql.sys@localhost' ignored in --skip-name-resolve mode.
2019-07-23T18:19:02.868061Z 0 [Note] InnoDB: Buffer pool(s) load completed at 190723 18:19:02
2019-07-23T18:19:08.973476Z 0 [Note] Event Scheduler: Loaded 0 events
2019-07-23T18:19:08.974266Z 0 [Note] /usr/sbin/mysqld: ready for connections.
Version: '5.7.23'  socket: '/var/run/mysqld/mysqld.sock'  port: 3306  MySQL Community Server (GPL)
2019-07-23T18:22:06.956316Z 0 [Note] Giving 0 client threads a chance to die gracefully
2019-07-23T18:22:06.956827Z 0 [Note] Shutting down slave threads
2019-07-23T18:22:06.970323Z 0 [Note] Forcefully disconnecting 0 remaining clients
2019-07-23T18:22:07.180411Z 0 [Note] Event Scheduler: Purging the queue. 0 events
2019-07-23T18:22:07.415335Z 0 [Note] Binlog end
2019-07-23T18:22:07.680943Z 0 [Note] Shutting down plugin 'ngram'
2019-07-23T18:22:07.684073Z 0 [Note] Shutting down plugin 'partition'
2019-07-23T18:22:07.684554Z 0 [Note] Shutting down plugin 'BLACKHOLE'
2019-07-23T18:22:07.684819Z 0 [Note] Shutting down plugin 'ARCHIVE'
2019-07-23T18:22:07.685128Z 0 [Note] Shutting down plugin 'PERFORMANCE_SCHEMA'
2019-07-23T18:22:07.685343Z 0 [Note] Shutting down plugin 'MRG_MYISAM'
2019-07-23T18:22:07.685561Z 0 [Note] Shutting down plugin 'MyISAM'
2019-07-23T18:22:07.685806Z 0 [Note] Shutting down plugin 'INNODB_SYS_VIRTUAL'
2019-07-23T18:22:07.686053Z 0 [Note] Shutting down plugin 'INNODB_SYS_DATAFILES'
2019-07-23T18:22:07.686276Z 0 [Note] Shutting down plugin 'INNODB_SYS_TABLESPACES'
2019-07-23T18:22:07.686646Z 0 [Note] Shutting down plugin 'INNODB_SYS_FOREIGN_COLS'
2019-07-23T18:22:07.687045Z 0 [Note] Shutting down plugin 'INNODB_SYS_FOREIGN'
2019-07-23T18:22:07.687393Z 0 [Note] Shutting down plugin 'INNODB_SYS_FIELDS'
2019-07-23T18:22:07.687677Z 0 [Note] Shutting down plugin 'INNODB_SYS_COLUMNS'
2019-07-23T18:22:07.687925Z 0 [Note] Shutting down plugin 'INNODB_SYS_INDEXES'
2019-07-23T18:22:07.699565Z 0 [Note] Shutting down plugin 'INNODB_SYS_TABLESTATS'
2019-07-23T18:22:07.699890Z 0 [Note] Shutting down plugin 'INNODB_SYS_TABLES'
2019-07-23T18:22:07.700182Z 0 [Note] Shutting down plugin 'INNODB_FT_INDEX_TABLE'
2019-07-23T18:22:07.700419Z 0 [Note] Shutting down plugin 'INNODB_FT_INDEX_CACHE'
2019-07-23T18:22:07.700634Z 0 [Note] Shutting down plugin 'INNODB_FT_CONFIG'
2019-07-23T18:22:07.702668Z 0 [Note] Shutting down plugin 'INNODB_FT_BEING_DELETED'
2019-07-23T18:22:07.801808Z 0 [Note] Shutting down plugin 'INNODB_FT_DELETED'
2019-07-23T18:22:07.802197Z 0 [Note] Shutting down plugin 'INNODB_FT_DEFAULT_STOPWORD'
2019-07-23T18:22:07.802442Z 0 [Note] Shutting down plugin 'INNODB_METRICS'
2019-07-23T18:22:07.802632Z 0 [Note] Shutting down plugin 'INNODB_TEMP_TABLE_INFO'
2019-07-23T18:22:07.802827Z 0 [Note] Shutting down plugin 'INNODB_BUFFER_POOL_STATS'
2019-07-23T18:22:07.808238Z 0 [Note] Shutting down plugin 'INNODB_BUFFER_PAGE_LRU'
2019-07-23T18:22:07.853938Z 0 [Note] Shutting down plugin 'INNODB_BUFFER_PAGE'
2019-07-23T18:22:07.868708Z 0 [Note] Shutting down plugin 'INNODB_CMP_PER_INDEX_RESET'
2019-07-23T18:22:07.869661Z 0 [Note] Shutting down plugin 'INNODB_CMP_PER_INDEX'
2019-07-23T18:22:07.869909Z 0 [Note] Shutting down plugin 'INNODB_CMPMEM_RESET'
2019-07-23T18:22:07.874654Z 0 [Note] Shutting down plugin 'INNODB_CMPMEM'
2019-07-23T18:22:07.874948Z 0 [Note] Shutting down plugin 'INNODB_CMP_RESET'
2019-07-23T18:22:07.875106Z 0 [Note] Shutting down plugin 'INNODB_CMP'
2019-07-23T18:22:07.875240Z 0 [Note] Shutting down plugin 'INNODB_LOCK_WAITS'
2019-07-23T18:22:07.875373Z 0 [Note] Shutting down plugin 'INNODB_LOCKS'
2019-07-23T18:22:07.875508Z 0 [Note] Shutting down plugin 'INNODB_TRX'
2019-07-23T18:22:07.875641Z 0 [Note] Shutting down plugin 'InnoDB'
2019-07-23T18:22:07.919000Z 0 [Note] InnoDB: FTS optimize thread exiting.
2019-07-23T18:22:07.969131Z 0 [Note] InnoDB: Starting shutdown...
2019-07-23T18:22:08.143513Z 0 [Note] InnoDB: Dumping buffer pool(s) to /var/lib/mysql/ib_buffer_pool
2019-07-23T18:22:08.144751Z 0 [Note] InnoDB: Buffer pool(s) dump completed at 190723 18:22:08
2019-07-23T18:22:10.669167Z 0 [Note] InnoDB: Shutdown completed; log sequence number 10830602
2019-07-23T18:22:10.717884Z 0 [Note] InnoDB: Removed temporary tablespace data file: "ibtmp1"
2019-07-23T18:22:10.728879Z 0 [Note] Shutting down plugin 'MEMORY'
2019-07-23T18:22:10.729217Z 0 [Note] Shutting down plugin 'CSV'
2019-07-23T18:22:10.729421Z 0 [Note] Shutting down plugin 'sha256_password'
2019-07-23T18:22:10.729588Z 0 [Note] Shutting down plugin 'mysql_native_password'
2019-07-23T18:22:10.730017Z 0 [Note] Shutting down plugin 'binlog'
2019-07-23T18:22:10.783957Z 0 [Note] /usr/sbin/mysqld: Shutdown complete

2019-07-23T19:27:04.375344Z 0 [Warning] TIMESTAMP with implicit DEFAULT value is deprecated. Please use --explicit_defaults_for_timestamp server option (see documentation for more details).
2019-07-23T19:27:04.425104Z 0 [Note] /usr/sbin/mysqld (mysqld 5.7.23) starting as process 101 ...
2019-07-23T19:27:04.923659Z 0 [Note] InnoDB: PUNCH HOLE support available
2019-07-23T19:27:04.924152Z 0 [Note] InnoDB: Mutexes and rw_locks use GCC atomic builtins
2019-07-23T19:27:04.924400Z 0 [Note] InnoDB: Uses event mutexes
2019-07-23T19:27:04.924557Z 0 [Note] InnoDB: GCC builtin __atomic_thread_fence() is used for memory barrier
2019-07-23T19:27:04.924702Z 0 [Note] InnoDB: Compressed tables use zlib 1.2.3
2019-07-23T19:27:04.924839Z 0 [Note] InnoDB: Using Linux native AIO
2019-07-23T19:27:05.213071Z 0 [Note] InnoDB: Number of pools: 1
2019-07-23T19:27:05.328918Z 0 [Note] InnoDB: Using CPU crc32 instructions
2019-07-23T19:27:05.493240Z 0 [Note] InnoDB: Initializing buffer pool, total size = 32M, instances = 1, chunk size = 32M
2019-07-23T19:27:05.614145Z 0 [Note] InnoDB: Completed initialization of buffer pool
2019-07-23T19:27:05.625281Z 0 [Note] InnoDB: If the mysqld execution user is authorized, page cleaner thread priority can be changed. See the man page of setpriority().
2019-07-23T19:27:05.827745Z 0 [Note] InnoDB: Highest supported file format is Barracuda.
2019-07-23T19:27:09.139780Z 0 [Note] InnoDB: Creating shared tablespace for temporary tables
2019-07-23T19:27:09.140313Z 0 [Note] InnoDB: Setting file './ibtmp1' size to 12 MB. Physically writing the file full; Please wait ...
2019-07-23T19:27:10.150310Z 0 [Note] InnoDB: File './ibtmp1' size is now 12 MB.
2019-07-23T19:27:10.152471Z 0 [Note] InnoDB: 96 redo rollback segment(s) found. 96 redo rollback segment(s) are active.
2019-07-23T19:27:10.153252Z 0 [Note] InnoDB: 32 non-redo rollback segment(s) are active.
2019-07-23T19:27:10.157252Z 0 [Note] InnoDB: Waiting for purge to start
2019-07-23T19:27:10.264843Z 0 [Note] InnoDB: 5.7.23 started; log sequence number 10830602
2019-07-23T19:27:10.266018Z 0 [Note] InnoDB: page_cleaner: 1000ms intended loop took 4640ms. The settings might not be optimal. (flushed=0 and evicted=0, during the time.)
2019-07-23T19:27:10.281574Z 0 [Note] Plugin 'FEDERATED' is disabled.
2019-07-23T19:27:10.284180Z 0 [Note] InnoDB: Loading buffer pool(s) from /var/lib/mysql/ib_buffer_pool
2019-07-23T19:27:11.571096Z 0 [Warning] Failed to set up SSL because of the following SSL library error: SSL context is not usable without certificate and private key
2019-07-23T19:27:11.571757Z 0 [Note] Server hostname (bind-address): '*'; port: 3306
2019-07-23T19:27:11.599415Z 0 [Note] IPv6 is available.
2019-07-23T19:27:11.638718Z 0 [Note]   - '::' resolves to '::';
2019-07-23T19:27:11.641796Z 0 [Note] Server socket created on IP: '::'.
2019-07-23T19:27:11.800603Z 0 [Warning] Insecure configuration for --pid-file: Location '/var/run/mysqld' in the path is accessible to all OS users. Consider choosing a different directory.
2019-07-23T19:27:12.518247Z 0 [Warning] 'user' entry 'root@localhost' ignored in --skip-name-resolve mode.
2019-07-23T19:27:12.519071Z 0 [Warning] 'user' entry 'mysql.session@localhost' ignored in --skip-name-resolve mode.
2019-07-23T19:27:12.519810Z 0 [Warning] 'user' entry 'mysql.sys@localhost' ignored in --skip-name-resolve mode.
2019-07-23T19:27:12.591805Z 0 [Warning] 'db' entry 'performance_schema mysql.session@localhost' ignored in --skip-name-resolve mode.
2019-07-23T19:27:12.592560Z 0 [Warning] 'db' entry 'sys mysql.sys@localhost' ignored in --skip-name-resolve mode.
2019-07-23T19:27:12.785226Z 0 [Warning] 'proxies_priv' entry '@ root@localhost' ignored in --skip-name-resolve mode.
2019-07-23T19:27:13.592789Z 0 [Warning] 'tables_priv' entry 'user mysql.session@localhost' ignored in --skip-name-resolve mode.
2019-07-23T19:27:13.593196Z 0 [Warning] 'tables_priv' entry 'sys_config mysql.sys@localhost' ignored in --skip-name-resolve mode.
2019-07-23T19:27:15.379765Z 0 [Note] InnoDB: Buffer pool(s) load completed at 190723 19:27:15
2019-07-23T19:27:15.970535Z 0 [Note] Event Scheduler: Loaded 0 events
2019-07-23T19:27:15.973597Z 0 [Note] /usr/sbin/mysqld: ready for connections.
Version: '5.7.23'  socket: '/var/run/mysqld/mysqld.sock'  port: 3306  MySQL Community Server (GPL)
2019-07-23T20:05:51.931483Z 0 [Note] Giving 0 client threads a chance to die gracefully
2019-07-23T20:05:51.932046Z 0 [Note] Shutting down slave threads
2019-07-23T20:05:51.932291Z 0 [Note] Forcefully disconnecting 0 remaining clients
2019-07-23T20:05:51.932907Z 0 [Note] Event Scheduler: Purging the queue. 0 events
2019-07-23T20:05:51.967383Z 0 [Note] Binlog end
2019-07-23T20:05:52.003269Z 0 [Note] Shutting down plugin 'ngram'
2019-07-23T20:05:52.003615Z 0 [Note] Shutting down plugin 'partition'
2019-07-23T20:05:52.003799Z 0 [Note] Shutting down plugin 'BLACKHOLE'
2019-07-23T20:05:52.004077Z 0 [Note] Shutting down plugin 'ARCHIVE'
2019-07-23T20:05:52.004880Z 0 [Note] Shutting down plugin 'PERFORMANCE_SCHEMA'
2019-07-23T20:05:52.005196Z 0 [Note] Shutting down plugin 'MRG_MYISAM'
2019-07-23T20:05:52.005410Z 0 [Note] Shutting down plugin 'MyISAM'
2019-07-23T20:05:52.018486Z 0 [Note] Shutting down plugin 'INNODB_SYS_VIRTUAL'
2019-07-23T20:05:52.018824Z 0 [Note] Shutting down plugin 'INNODB_SYS_DATAFILES'
2019-07-23T20:05:52.018996Z 0 [Note] Shutting down plugin 'INNODB_SYS_TABLESPACES'
2019-07-23T20:05:52.019138Z 0 [Note] Shutting down plugin 'INNODB_SYS_FOREIGN_COLS'
2019-07-23T20:05:52.019265Z 0 [Note] Shutting down plugin 'INNODB_SYS_FOREIGN'
2019-07-23T20:05:52.019394Z 0 [Note] Shutting down plugin 'INNODB_SYS_FIELDS'
2019-07-23T20:05:52.030610Z 0 [Note] Shutting down plugin 'INNODB_SYS_COLUMNS'
2019-07-23T20:05:52.030879Z 0 [Note] Shutting down plugin 'INNODB_SYS_INDEXES'
2019-07-23T20:05:52.031311Z 0 [Note] Shutting down plugin 'INNODB_SYS_TABLESTATS'
2019-07-23T20:05:52.031528Z 0 [Note] Shutting down plugin 'INNODB_SYS_TABLES'
2019-07-23T20:05:52.031698Z 0 [Note] Shutting down plugin 'INNODB_FT_INDEX_TABLE'
2019-07-23T20:05:52.031859Z 0 [Note] Shutting down plugin 'INNODB_FT_INDEX_CACHE'
2019-07-23T20:05:52.032016Z 0 [Note] Shutting down plugin 'INNODB_FT_CONFIG'
2019-07-23T20:05:52.032179Z 0 [Note] Shutting down plugin 'INNODB_FT_BEING_DELETED'
2019-07-23T20:05:52.032357Z 0 [Note] Shutting down plugin 'INNODB_FT_DELETED'
2019-07-23T20:05:52.032511Z 0 [Note] Shutting down plugin 'INNODB_FT_DEFAULT_STOPWORD'
2019-07-23T20:05:52.032662Z 0 [Note] Shutting down plugin 'INNODB_METRICS'
2019-07-23T20:05:52.032820Z 0 [Note] Shutting down plugin 'INNODB_TEMP_TABLE_INFO'
2019-07-23T20:05:52.032971Z 0 [Note] Shutting down plugin 'INNODB_BUFFER_POOL_STATS'
2019-07-23T20:05:52.033139Z 0 [Note] Shutting down plugin 'INNODB_BUFFER_PAGE_LRU'
2019-07-23T20:05:52.033325Z 0 [Note] Shutting down plugin 'INNODB_BUFFER_PAGE'
2019-07-23T20:05:52.033479Z 0 [Note] Shutting down plugin 'INNODB_CMP_PER_INDEX_RESET'
2019-07-23T20:05:52.034410Z 0 [Note] Shutting down plugin 'INNODB_CMP_PER_INDEX'
2019-07-23T20:05:52.034635Z 0 [Note] Shutting down plugin 'INNODB_CMPMEM_RESET'
2019-07-23T20:05:52.034789Z 0 [Note] Shutting down plugin 'INNODB_CMPMEM'
2019-07-23T20:05:52.035383Z 0 [Note] Shutting down plugin 'INNODB_CMP_RESET'
2019-07-23T20:05:52.035627Z 0 [Note] Shutting down plugin 'INNODB_CMP'
2019-07-23T20:05:52.035783Z 0 [Note] Shutting down plugin 'INNODB_LOCK_WAITS'
2019-07-23T20:05:52.035930Z 0 [Note] Shutting down plugin 'INNODB_LOCKS'
2019-07-23T20:05:52.036076Z 0 [Note] Shutting down plugin 'INNODB_TRX'
2019-07-23T20:05:52.036263Z 0 [Note] Shutting down plugin 'InnoDB'
2019-07-23T20:05:52.037286Z 0 [Note] InnoDB: FTS optimize thread exiting.
2019-07-23T20:05:52.037909Z 0 [Note] InnoDB: Starting shutdown...
2019-07-23T20:05:52.145939Z 0 [Note] InnoDB: Dumping buffer pool(s) to /var/lib/mysql/ib_buffer_pool
2019-07-23T20:05:52.149216Z 0 [Note] InnoDB: Buffer pool(s) dump completed at 190723 20:05:52
2019-07-23T20:05:53.943891Z 0 [Note] InnoDB: Shutdown completed; log sequence number 11093863
2019-07-23T20:05:53.953247Z 0 [Note] InnoDB: Removed temporary tablespace data file: "ibtmp1"
2019-07-23T20:05:53.954214Z 0 [Note] Shutting down plugin 'MEMORY'
2019-07-23T20:05:53.954406Z 0 [Note] Shutting down plugin 'CSV'
2019-07-23T20:05:53.954584Z 0 [Note] Shutting down plugin 'sha256_password'
2019-07-23T20:05:53.954759Z 0 [Note] Shutting down plugin 'mysql_native_password'
2019-07-23T20:05:53.955149Z 0 [Note] Shutting down plugin 'binlog'
2019-07-23T20:05:53.956402Z 0 [Note] /usr/sbin/mysqld: Shutdown complete

2019-07-24T06:17:32.865806Z 0 [Warning] TIMESTAMP with implicit DEFAULT value is deprecated. Please use --explicit_defaults_for_timestamp server option (see documentation for more details).
2019-07-24T06:17:32.929315Z 0 [Note] /usr/sbin/mysqld (mysqld 5.7.23) starting as process 87 ...
2019-07-24T06:17:33.861155Z 0 [Note] InnoDB: PUNCH HOLE support available
2019-07-24T06:17:33.861624Z 0 [Note] InnoDB: Mutexes and rw_locks use GCC atomic builtins
2019-07-24T06:17:33.861848Z 0 [Note] InnoDB: Uses event mutexes
2019-07-24T06:17:33.862130Z 0 [Note] InnoDB: GCC builtin __atomic_thread_fence() is used for memory barrier
2019-07-24T06:17:33.862396Z 0 [Note] InnoDB: Compressed tables use zlib 1.2.3
2019-07-24T06:17:33.862670Z 0 [Note] InnoDB: Using Linux native AIO
2019-07-24T06:17:33.914974Z 0 [Note] InnoDB: Number of pools: 1
2019-07-24T06:17:34.088497Z 0 [Note] InnoDB: Using CPU crc32 instructions
2019-07-24T06:17:34.134634Z 0 [Note] InnoDB: Initializing buffer pool, total size = 32M, instances = 1, chunk size = 32M
2019-07-24T06:17:34.170339Z 0 [Note] InnoDB: Completed initialization of buffer pool
2019-07-24T06:17:34.200282Z 0 [Note] InnoDB: If the mysqld execution user is authorized, page cleaner thread priority can be changed. See the man page of setpriority().
2019-07-24T06:17:35.958086Z 0 [Note] InnoDB: Highest supported file format is Barracuda.
2019-07-24T06:17:37.631127Z 0 [Note] InnoDB: Creating shared tablespace for temporary tables
2019-07-24T06:17:37.632517Z 0 [Note] InnoDB: Setting file './ibtmp1' size to 12 MB. Physically writing the file full; Please wait ...
2019-07-24T06:17:37.950539Z 0 [Note] InnoDB: File './ibtmp1' size is now 12 MB.
2019-07-24T06:17:37.952690Z 0 [Note] InnoDB: 96 redo rollback segment(s) found. 96 redo rollback segment(s) are active.
2019-07-24T06:17:37.953276Z 0 [Note] InnoDB: 32 non-redo rollback segment(s) are active.
2019-07-24T06:17:38.010933Z 0 [Note] InnoDB: Waiting for purge to start
2019-07-24T06:17:38.061568Z 0 [Note] InnoDB: 5.7.23 started; log sequence number 11093863
2019-07-24T06:17:38.075244Z 0 [Note] InnoDB: Loading buffer pool(s) from /var/lib/mysql/ib_buffer_pool
2019-07-24T06:17:38.118350Z 0 [Note] Plugin 'FEDERATED' is disabled.
2019-07-24T06:17:39.034495Z 0 [Warning] Failed to set up SSL because of the following SSL library error: SSL context is not usable without certificate and private key
2019-07-24T06:17:39.034822Z 0 [Note] Server hostname (bind-address): '*'; port: 3306
2019-07-24T06:17:39.089543Z 0 [Note] IPv6 is available.
2019-07-24T06:17:39.126710Z 0 [Note]   - '::' resolves to '::';
2019-07-24T06:17:39.129979Z 0 [Note] Server socket created on IP: '::'.
2019-07-24T06:17:39.236067Z 0 [Warning] Insecure configuration for --pid-file: Location '/var/run/mysqld' in the path is accessible to all OS users. Consider choosing a different directory.
2019-07-24T06:17:39.940422Z 0 [Warning] 'user' entry 'root@localhost' ignored in --skip-name-resolve mode.
2019-07-24T06:17:39.940974Z 0 [Warning] 'user' entry 'mysql.session@localhost' ignored in --skip-name-resolve mode.
2019-07-24T06:17:39.941169Z 0 [Warning] 'user' entry 'mysql.sys@localhost' ignored in --skip-name-resolve mode.
2019-07-24T06:17:39.993597Z 0 [Warning] 'db' entry 'performance_schema mysql.session@localhost' ignored in --skip-name-resolve mode.
2019-07-24T06:17:39.993870Z 0 [Warning] 'db' entry 'sys mysql.sys@localhost' ignored in --skip-name-resolve mode.
2019-07-24T06:17:40.064699Z 0 [Warning] 'proxies_priv' entry '@ root@localhost' ignored in --skip-name-resolve mode.
2019-07-24T06:17:41.037695Z 0 [Note] InnoDB: Buffer pool(s) load completed at 190724  6:17:41
2019-07-24T06:17:41.095027Z 0 [Warning] 'tables_priv' entry 'user mysql.session@localhost' ignored in --skip-name-resolve mode.
2019-07-24T06:17:41.095339Z 0 [Warning] 'tables_priv' entry 'sys_config mysql.sys@localhost' ignored in --skip-name-resolve mode.
2019-07-24T06:17:41.708727Z 0 [Note] Event Scheduler: Loaded 0 events
2019-07-24T06:17:41.720694Z 0 [Note] /usr/sbin/mysqld: ready for connections.
Version: '5.7.23'  socket: '/var/run/mysqld/mysqld.sock'  port: 3306  MySQL Community Server (GPL)
2019-07-24T07:08:29.467540Z 0 [Note] InnoDB: page_cleaner: 1000ms intended loop took 4004ms. The settings might not be optimal. (flushed=0 and evicted=0, during the time.)
2019-07-24T08:42:00.149547Z 0 [Note] InnoDB: page_cleaner: 1000ms intended loop took 5604663ms. The settings might not be optimal. (flushed=0 and evicted=0, during the time.)
2019-07-24T12:37:42.583468Z 0 [Note] InnoDB: page_cleaner: 1000ms intended loop took 4634813ms. The settings might not be optimal. (flushed=0 and evicted=0, during the time.)
2019-07-24T16:04:27.081171Z 0 [Note] InnoDB: page_cleaner: 1000ms intended loop took 827887ms. The settings might not be optimal. (flushed=0 and evicted=0, during the time.)
2019-07-24T16:51:47.717139Z 0 [Note] InnoDB: page_cleaner: 1000ms intended loop took 1435642ms. The settings might not be optimal. (flushed=0 and evicted=0, during the time.)
2019-07-24T17:19:13.909428Z 0 [Note] InnoDB: page_cleaner: 1000ms intended loop took 7737ms. The settings might not be optimal. (flushed=0 and evicted=0, during the time.)
2019-07-24T18:25:28.642913Z 0 [Note] Giving 0 client threads a chance to die gracefully
2019-07-24T18:25:28.671231Z 0 [Note] Shutting down slave threads
2019-07-24T18:25:28.671979Z 0 [Note] Forcefully disconnecting 0 remaining clients
2019-07-24T18:25:28.702584Z 0 [Note] Event Scheduler: Purging the queue. 0 events
2019-07-24T18:25:28.704738Z 0 [Note] Binlog end
2019-07-24T18:25:28.715150Z 0 [Note] Shutting down plugin 'ngram'
2019-07-24T18:25:28.716383Z 0 [Note] Shutting down plugin 'partition'
2019-07-24T18:25:28.721794Z 0 [Note] Shutting down plugin 'BLACKHOLE'
2019-07-24T18:25:28.722128Z 0 [Note] Shutting down plugin 'ARCHIVE'
2019-07-24T18:25:28.722721Z 0 [Note] Shutting down plugin 'PERFORMANCE_SCHEMA'
2019-07-24T18:25:28.723056Z 0 [Note] Shutting down plugin 'MRG_MYISAM'
2019-07-24T18:25:28.723261Z 0 [Note] Shutting down plugin 'MyISAM'
2019-07-24T18:25:28.723494Z 0 [Note] Shutting down plugin 'INNODB_SYS_VIRTUAL'
2019-07-24T18:25:28.723790Z 0 [Note] Shutting down plugin 'INNODB_SYS_DATAFILES'
2019-07-24T18:25:28.725687Z 0 [Note] Shutting down plugin 'INNODB_SYS_TABLESPACES'
2019-07-24T18:25:28.728567Z 0 [Note] Shutting down plugin 'INNODB_SYS_FOREIGN_COLS'
2019-07-24T18:25:28.729564Z 0 [Note] Shutting down plugin 'INNODB_SYS_FOREIGN'
2019-07-24T18:25:28.729916Z 0 [Note] Shutting down plugin 'INNODB_SYS_FIELDS'
2019-07-24T18:25:28.730374Z 0 [Note] Shutting down plugin 'INNODB_SYS_COLUMNS'
2019-07-24T18:25:28.731645Z 0 [Note] Shutting down plugin 'INNODB_SYS_INDEXES'
2019-07-24T18:25:28.732009Z 0 [Note] Shutting down plugin 'INNODB_SYS_TABLESTATS'
2019-07-24T18:25:28.732941Z 0 [Note] Shutting down plugin 'INNODB_SYS_TABLES'
2019-07-24T18:25:28.741807Z 0 [Note] Shutting down plugin 'INNODB_FT_INDEX_TABLE'
2019-07-24T18:25:28.742171Z 0 [Note] Shutting down plugin 'INNODB_FT_INDEX_CACHE'
2019-07-24T18:25:28.742415Z 0 [Note] Shutting down plugin 'INNODB_FT_CONFIG'
2019-07-24T18:25:28.742644Z 0 [Note] Shutting down plugin 'INNODB_FT_BEING_DELETED'
2019-07-24T18:25:28.742822Z 0 [Note] Shutting down plugin 'INNODB_FT_DELETED'
2019-07-24T18:25:28.743015Z 0 [Note] Shutting down plugin 'INNODB_FT_DEFAULT_STOPWORD'
2019-07-24T18:25:28.754209Z 0 [Note] Shutting down plugin 'INNODB_METRICS'
2019-07-24T18:25:28.757126Z 0 [Note] Shutting down plugin 'INNODB_TEMP_TABLE_INFO'
2019-07-24T18:25:28.757456Z 0 [Note] Shutting down plugin 'INNODB_BUFFER_POOL_STATS'
2019-07-24T18:25:28.757755Z 0 [Note] Shutting down plugin 'INNODB_BUFFER_PAGE_LRU'
2019-07-24T18:25:28.757983Z 0 [Note] Shutting down plugin 'INNODB_BUFFER_PAGE'
2019-07-24T18:25:28.758249Z 0 [Note] Shutting down plugin 'INNODB_CMP_PER_INDEX_RESET'
2019-07-24T18:25:28.758683Z 0 [Note] Shutting down plugin 'INNODB_CMP_PER_INDEX'
2019-07-24T18:25:28.758985Z 0 [Note] Shutting down plugin 'INNODB_CMPMEM_RESET'
2019-07-24T18:25:28.759266Z 0 [Note] Shutting down plugin 'INNODB_CMPMEM'
2019-07-24T18:25:28.759587Z 0 [Note] Shutting down plugin 'INNODB_CMP_RESET'
2019-07-24T18:25:28.760797Z 0 [Note] Shutting down plugin 'INNODB_CMP'
2019-07-24T18:25:28.761765Z 0 [Note] Shutting down plugin 'INNODB_LOCK_WAITS'
2019-07-24T18:25:28.762185Z 0 [Note] Shutting down plugin 'INNODB_LOCKS'
2019-07-24T18:25:28.762554Z 0 [Note] Shutting down plugin 'INNODB_TRX'
2019-07-24T18:25:28.762846Z 0 [Note] Shutting down plugin 'InnoDB'
2019-07-24T18:25:28.763267Z 0 [Note] InnoDB: FTS optimize thread exiting.
2019-07-24T18:25:28.764038Z 0 [Note] InnoDB: Starting shutdown...
2019-07-24T18:25:28.871311Z 0 [Note] InnoDB: Dumping buffer pool(s) to /var/lib/mysql/ib_buffer_pool
2019-07-24T18:25:28.872410Z 0 [Note] InnoDB: Buffer pool(s) dump completed at 190724 18:25:28
2019-07-24T18:25:30.544044Z 0 [Note] InnoDB: Shutdown completed; log sequence number 13148882
2019-07-24T18:25:30.591451Z 0 [Note] InnoDB: Removed temporary tablespace data file: "ibtmp1"
2019-07-24T18:25:30.591734Z 0 [Note] Shutting down plugin 'MEMORY'
2019-07-24T18:25:30.591954Z 0 [Note] Shutting down plugin 'CSV'
2019-07-24T18:25:30.592390Z 0 [Note] Shutting down plugin 'sha256_password'
2019-07-24T18:25:30.592568Z 0 [Note] Shutting down plugin 'mysql_native_password'
2019-07-24T18:25:30.592909Z 0 [Note] Shutting down plugin 'binlog'
2019-07-24T18:25:30.594093Z 0 [Note] /usr/sbin/mysqld: Shutdown complete

2019-07-25T13:45:52.268746Z 0 [Warning] TIMESTAMP with implicit DEFAULT value is deprecated. Please use --explicit_defaults_for_timestamp server option (see documentation for more details).
2019-07-25T13:45:52.412905Z 0 [Note] /usr/sbin/mysqld (mysqld 5.7.23) starting as process 119 ...
2019-07-25T13:45:53.648975Z 0 [Note] InnoDB: PUNCH HOLE support available
2019-07-25T13:45:53.656395Z 0 [Note] InnoDB: Mutexes and rw_locks use GCC atomic builtins
2019-07-25T13:45:53.656632Z 0 [Note] InnoDB: Uses event mutexes
2019-07-25T13:45:53.656923Z 0 [Note] InnoDB: GCC builtin __atomic_thread_fence() is used for memory barrier
2019-07-25T13:45:53.657123Z 0 [Note] InnoDB: Compressed tables use zlib 1.2.3
2019-07-25T13:45:53.657315Z 0 [Note] InnoDB: Using Linux native AIO
2019-07-25T13:45:53.798573Z 0 [Note] InnoDB: Number of pools: 1
2019-07-25T13:45:54.112821Z 0 [Note] InnoDB: Using CPU crc32 instructions
2019-07-25T13:45:54.164754Z 0 [Note] InnoDB: Initializing buffer pool, total size = 32M, instances = 1, chunk size = 32M
2019-07-25T13:45:54.394350Z 0 [Note] InnoDB: Completed initialization of buffer pool
2019-07-25T13:45:54.532333Z 0 [Note] InnoDB: If the mysqld execution user is authorized, page cleaner thread priority can be changed. See the man page of setpriority().
2019-07-25T13:45:54.989883Z 0 [Note] InnoDB: Highest supported file format is Barracuda.
2019-07-25T13:45:56.388382Z 0 [Note] InnoDB: Creating shared tablespace for temporary tables
2019-07-25T13:45:56.389126Z 0 [Note] InnoDB: Setting file './ibtmp1' size to 12 MB. Physically writing the file full; Please wait ...
2019-07-25T13:45:56.852245Z 0 [Note] InnoDB: File './ibtmp1' size is now 12 MB.
2019-07-25T13:45:56.960761Z 0 [Note] InnoDB: 96 redo rollback segment(s) found. 96 redo rollback segment(s) are active.
2019-07-25T13:45:56.961198Z 0 [Note] InnoDB: 32 non-redo rollback segment(s) are active.
2019-07-25T13:45:56.973308Z 0 [Note] InnoDB: Waiting for purge to start
2019-07-25T13:45:57.024698Z 0 [Note] InnoDB: 5.7.23 started; log sequence number 13148882
2019-07-25T13:45:57.044304Z 0 [Note] InnoDB: Loading buffer pool(s) from /var/lib/mysql/ib_buffer_pool
2019-07-25T13:45:57.119259Z 0 [Note] Plugin 'FEDERATED' is disabled.
2019-07-25T13:45:57.800145Z 0 [Warning] Failed to set up SSL because of the following SSL library error: SSL context is not usable without certificate and private key
2019-07-25T13:45:57.800507Z 0 [Note] Server hostname (bind-address): '*'; port: 3306
2019-07-25T13:45:57.823377Z 0 [Note] IPv6 is available.
2019-07-25T13:45:57.886799Z 0 [Note]   - '::' resolves to '::';
2019-07-25T13:45:57.910132Z 0 [Note] Server socket created on IP: '::'.
2019-07-25T13:45:58.035847Z 0 [Warning] Insecure configuration for --pid-file: Location '/var/run/mysqld' in the path is accessible to all OS users. Consider choosing a different directory.
2019-07-25T13:45:58.420776Z 0 [Warning] 'user' entry 'root@localhost' ignored in --skip-name-resolve mode.
2019-07-25T13:45:58.421673Z 0 [Warning] 'user' entry 'mysql.session@localhost' ignored in --skip-name-resolve mode.
2019-07-25T13:45:58.421929Z 0 [Warning] 'user' entry 'mysql.sys@localhost' ignored in --skip-name-resolve mode.
2019-07-25T13:45:58.477515Z 0 [Warning] 'db' entry 'performance_schema mysql.session@localhost' ignored in --skip-name-resolve mode.
2019-07-25T13:45:58.557287Z 0 [Warning] 'db' entry 'sys mysql.sys@localhost' ignored in --skip-name-resolve mode.
2019-07-25T13:45:58.575835Z 0 [Warning] 'proxies_priv' entry '@ root@localhost' ignored in --skip-name-resolve mode.
2019-07-25T13:45:58.827403Z 0 [Warning] 'tables_priv' entry 'user mysql.session@localhost' ignored in --skip-name-resolve mode.
2019-07-25T13:45:58.828607Z 0 [Warning] 'tables_priv' entry 'sys_config mysql.sys@localhost' ignored in --skip-name-resolve mode.
2019-07-25T13:45:59.031810Z 0 [Note] InnoDB: Buffer pool(s) load completed at 190725 13:45:59
2019-07-25T13:45:59.181324Z 0 [Note] Event Scheduler: Loaded 0 events
2019-07-25T13:45:59.193436Z 0 [Note] /usr/sbin/mysqld: ready for connections.
Version: '5.7.23'  socket: '/var/run/mysqld/mysqld.sock'  port: 3306  MySQL Community Server (GPL)
2019-07-25T14:49:00.385147Z 0 [Note] InnoDB: page_cleaner: 1000ms intended loop took 9455ms. The settings might not be optimal. (flushed=0 and evicted=0, during the time.)
2019-07-25T16:04:35.498602Z 0 [Note] InnoDB: page_cleaner: 1000ms intended loop took 4534056ms. The settings might not be optimal. (flushed=0 and evicted=0, during the time.)
2019-07-26T05:08:34.630526Z 0 [Note] InnoDB: page_cleaner: 1000ms intended loop took 34870142ms. The settings might not be optimal. (flushed=0 and evicted=0, during the time.)
2019-07-26T08:55:50.387517Z 0 [Note] InnoDB: page_cleaner: 1000ms intended loop took 8202485ms. The settings might not be optimal. (flushed=0 and evicted=0, during the time.)
2019-07-26T15:10:47.705182Z 0 [Note] InnoDB: page_cleaner: 1000ms intended loop took 15786964ms. The settings might not be optimal. (flushed=0 and evicted=0, during the time.)
2019-07-26T16:51:07.263292Z 0 [Note] InnoDB: page_cleaner: 1000ms intended loop took 2832922ms. The settings might not be optimal. (flushed=0 and evicted=0, during the time.)
2019-07-26T20:48:18.218203Z 0 [Note] Giving 0 client threads a chance to die gracefully
2019-07-26T20:48:18.235691Z 0 [Note] Shutting down slave threads
2019-07-26T20:48:18.236023Z 0 [Note] Forcefully disconnecting 0 remaining clients
2019-07-26T20:48:18.236237Z 0 [Note] Event Scheduler: Purging the queue. 0 events
2019-07-26T20:48:18.260435Z 0 [Note] Binlog end
2019-07-26T20:48:18.301775Z 0 [Note] Shutting down plugin 'ngram'
2019-07-26T20:48:18.302190Z 0 [Note] Shutting down plugin 'partition'
2019-07-26T20:48:18.302448Z 0 [Note] Shutting down plugin 'BLACKHOLE'
2019-07-26T20:48:18.302601Z 0 [Note] Shutting down plugin 'ARCHIVE'
2019-07-26T20:48:18.302744Z 0 [Note] Shutting down plugin 'PERFORMANCE_SCHEMA'
2019-07-26T20:48:18.302924Z 0 [Note] Shutting down plugin 'MRG_MYISAM'
2019-07-26T20:48:18.303074Z 0 [Note] Shutting down plugin 'MyISAM'
2019-07-26T20:48:18.303313Z 0 [Note] Shutting down plugin 'INNODB_SYS_VIRTUAL'
2019-07-26T20:48:18.303467Z 0 [Note] Shutting down plugin 'INNODB_SYS_DATAFILES'
2019-07-26T20:48:18.303610Z 0 [Note] Shutting down plugin 'INNODB_SYS_TABLESPACES'
2019-07-26T20:48:18.303751Z 0 [Note] Shutting down plugin 'INNODB_SYS_FOREIGN_COLS'
2019-07-26T20:48:18.303892Z 0 [Note] Shutting down plugin 'INNODB_SYS_FOREIGN'
2019-07-26T20:48:18.304032Z 0 [Note] Shutting down plugin 'INNODB_SYS_FIELDS'
2019-07-26T20:48:18.304226Z 0 [Note] Shutting down plugin 'INNODB_SYS_COLUMNS'
2019-07-26T20:48:18.304373Z 0 [Note] Shutting down plugin 'INNODB_SYS_INDEXES'
2019-07-26T20:48:18.304516Z 0 [Note] Shutting down plugin 'INNODB_SYS_TABLESTATS'
2019-07-26T20:48:18.304657Z 0 [Note] Shutting down plugin 'INNODB_SYS_TABLES'
2019-07-26T20:48:18.304800Z 0 [Note] Shutting down plugin 'INNODB_FT_INDEX_TABLE'
2019-07-26T20:48:18.304941Z 0 [Note] Shutting down plugin 'INNODB_FT_INDEX_CACHE'
2019-07-26T20:48:18.305083Z 0 [Note] Shutting down plugin 'INNODB_FT_CONFIG'
2019-07-26T20:48:18.305242Z 0 [Note] Shutting down plugin 'INNODB_FT_BEING_DELETED'
2019-07-26T20:48:18.305384Z 0 [Note] Shutting down plugin 'INNODB_FT_DELETED'
2019-07-26T20:48:18.305523Z 0 [Note] Shutting down plugin 'INNODB_FT_DEFAULT_STOPWORD'
2019-07-26T20:48:18.305664Z 0 [Note] Shutting down plugin 'INNODB_METRICS'
2019-07-26T20:48:18.305805Z 0 [Note] Shutting down plugin 'INNODB_TEMP_TABLE_INFO'
2019-07-26T20:48:18.305945Z 0 [Note] Shutting down plugin 'INNODB_BUFFER_POOL_STATS'
2019-07-26T20:48:18.306116Z 0 [Note] Shutting down plugin 'INNODB_BUFFER_PAGE_LRU'
2019-07-26T20:48:18.306265Z 0 [Note] Shutting down plugin 'INNODB_BUFFER_PAGE'
2019-07-26T20:48:18.306407Z 0 [Note] Shutting down plugin 'INNODB_CMP_PER_INDEX_RESET'
2019-07-26T20:48:18.306547Z 0 [Note] Shutting down plugin 'INNODB_CMP_PER_INDEX'
2019-07-26T20:48:18.306693Z 0 [Note] Shutting down plugin 'INNODB_CMPMEM_RESET'
2019-07-26T20:48:18.315735Z 0 [Note] Shutting down plugin 'INNODB_CMPMEM'
2019-07-26T20:48:18.316242Z 0 [Note] Shutting down plugin 'INNODB_CMP_RESET'
2019-07-26T20:48:18.316450Z 0 [Note] Shutting down plugin 'INNODB_CMP'
2019-07-26T20:48:18.316648Z 0 [Note] Shutting down plugin 'INNODB_LOCK_WAITS'
2019-07-26T20:48:18.316893Z 0 [Note] Shutting down plugin 'INNODB_LOCKS'
2019-07-26T20:48:18.317503Z 0 [Note] Shutting down plugin 'INNODB_TRX'
2019-07-26T20:48:18.317752Z 0 [Note] Shutting down plugin 'InnoDB'
2019-07-26T20:48:18.318252Z 0 [Note] InnoDB: FTS optimize thread exiting.
2019-07-26T20:48:18.319272Z 0 [Note] InnoDB: Starting shutdown...
2019-07-26T20:48:18.423650Z 0 [Note] InnoDB: Dumping buffer pool(s) to /var/lib/mysql/ib_buffer_pool
2019-07-26T20:48:18.450151Z 0 [Note] InnoDB: Buffer pool(s) dump completed at 190726 20:48:18
2019-07-26T20:48:20.184846Z 0 [Note] InnoDB: Shutdown completed; log sequence number 18245309
2019-07-26T20:48:20.203936Z 0 [Note] InnoDB: Removed temporary tablespace data file: "ibtmp1"
2019-07-26T20:48:20.205165Z 0 [Note] Shutting down plugin 'MEMORY'
2019-07-26T20:48:20.246538Z 0 [Note] Shutting down plugin 'CSV'
2019-07-26T20:48:20.247359Z 0 [Note] Shutting down plugin 'sha256_password'
2019-07-26T20:48:20.247581Z 0 [Note] Shutting down plugin 'mysql_native_password'
2019-07-26T20:48:20.260871Z 0 [Note] Shutting down plugin 'binlog'
2019-07-26T20:48:20.263190Z 0 [Note] /usr/sbin/mysqld: Shutdown complete

