2019-07-25T16:12:39+00:00 CRITICAL Uncaught ArgumentCountError: Too few arguments to function get_theme_mod(), 0 passed in /app/public/wp-content/themes/simpleshop/functions.php on line 119 and at least 1 expected in /app/public/wp-includes/theme.php:901
Stack trace:
#0 /app/public/wp-content/themes/simpleshop/functions.php(119): get_theme_mod()
#1 /app/public/wp-settings.php(499): include('/app/public/wp-...')
#2 /app/public/wp-config.php(76): require_once('/app/public/wp-...')
#3 /app/public/wp-load.php(37): require_once('/app/public/wp-...')
#4 /app/public/wp-admin/admin.php(34): require_once('/app/public/wp-...')
#5 /app/public/wp-admin/customize.php(13): require_once('/app/public/wp-...')
#6 {main}
  thrown in /app/public/wp-includes/theme.php on line 901

2019-07-25T16:12:39+00:00 CRITICAL Uncaught ArgumentCountError: Too few arguments to function get_theme_mod(), 0 passed in /app/public/wp-content/themes/simpleshop/functions.php on line 119 and at least 1 expected in /app/public/wp-includes/theme.php:901
Stack trace:
#0 /app/public/wp-content/themes/simpleshop/functions.php(119): get_theme_mod()
#1 /app/public/wp-settings.php(499): include('/app/public/wp-...')
#2 /app/public/wp-config.php(76): require_once('/app/public/wp-...')
#3 /app/public/wp-load.php(37): require_once('/app/public/wp-...')
#4 /app/public/wp-admin/admin-ajax.php(22): require_once('/app/public/wp-...')
#5 {main}
  thrown in /app/public/wp-includes/theme.php on line 901

2019-07-25T16:14:23+00:00 CRITICAL Uncaught ArgumentCountError: Too few arguments to function get_theme_mod(), 0 passed in /app/public/wp-content/themes/simpleshop/functions.php on line 119 and at least 1 expected in /app/public/wp-includes/theme.php:901
Stack trace:
#0 /app/public/wp-content/themes/simpleshop/functions.php(119): get_theme_mod()
#1 /app/public/wp-settings.php(499): include('/app/public/wp-...')
#2 /app/public/wp-config.php(76): require_once('/app/public/wp-...')
#3 /app/public/wp-load.php(37): require_once('/app/public/wp-...')
#4 /app/public/wp-admin/admin.php(34): require_once('/app/public/wp-...')
#5 /app/public/wp-admin/customize.php(13): require_once('/app/public/wp-...')
#6 {main}
  thrown in /app/public/wp-includes/theme.php on line 901

2019-07-25T17:25:11+00:00 CRITICAL Uncaught Error: Call to undefined function do_shotcode() in /app/public/wp-content/themes/simpleshop/template-parts/homepage/products.php:18
Stack trace:
#0 /app/public/wp-includes/template.php(724): require()
#1 /app/public/wp-includes/template.php(671): load_template('/app/public/wp-...', false)
#2 /app/public/wp-includes/general-template.php(168): locate_template(Array, true, false)
#3 /app/public/wp-content/themes/simpleshop/page-templates/homepage.php(13): get_template_part('template-parts/...')
#4 /app/public/wp-includes/template-loader.php(78): include('/app/public/wp-...')
#5 /app/public/wp-blog-header.php(19): require_once('/app/public/wp-...')
#6 /app/public/index.php(17): require('/app/public/wp-...')
#7 {main}
  thrown in /app/public/wp-content/themes/simpleshop/template-parts/homepage/products.php on line 18

